C:\USERS\ADY\DOCUMENTS\VISUAL STUDIO 2012\PROJECTS\AVIOANE\AVIOANE\DEBUG\STARE_OBIECT_INCONSISTENTA.OBJ
C:\USERS\ADY\DOCUMENTS\VISUAL STUDIO 2012\PROJECTS\AVIOANE\AVIOANE\DEBUG\VC110.PDB
C:\USERS\ADY\DOCUMENTS\VISUAL STUDIO 2012\PROJECTS\AVIOANE\DEBUG\AVIOANE.ILK
C:\USERS\ADY\DOCUMENTS\VISUAL STUDIO 2012\PROJECTS\AVIOANE\DEBUG\AVIOANE.EXE
C:\USERS\ADY\DOCUMENTS\VISUAL STUDIO 2012\PROJECTS\AVIOANE\DEBUG\AVIOANE.PDB
C:\Users\Ady\Documents\Visual Studio 2012\Projects\avioane\avioane\Debug\stare_obiect_inconsistenta.obj
C:\Users\Ady\Documents\Visual Studio 2012\Projects\avioane\avioane\Debug\cl.command.1.tlog
C:\Users\Ady\Documents\Visual Studio 2012\Projects\avioane\avioane\Debug\CL.read.1.tlog
C:\Users\Ady\Documents\Visual Studio 2012\Projects\avioane\avioane\Debug\CL.write.1.tlog
C:\Users\Ady\Documents\Visual Studio 2012\Projects\avioane\avioane\Debug\link-cvtres.read.1.tlog
C:\Users\Ady\Documents\Visual Studio 2012\Projects\avioane\avioane\Debug\link-cvtres.write.1.tlog
C:\Users\Ady\Documents\Visual Studio 2012\Projects\avioane\avioane\Debug\link-rc.read.1.tlog
C:\Users\Ady\Documents\Visual Studio 2012\Projects\avioane\avioane\Debug\link-rc.write.1.tlog
C:\Users\Ady\Documents\Visual Studio 2012\Projects\avioane\avioane\Debug\link.command.1.tlog
C:\Users\Ady\Documents\Visual Studio 2012\Projects\avioane\avioane\Debug\link.read.1.tlog
C:\Users\Ady\Documents\Visual Studio 2012\Projects\avioane\avioane\Debug\link.write.1.tlog
C:\Users\Ady\Documents\Visual Studio 2012\Projects\avioane\avioane\Debug\vc110.idb
C:\Users\Ady\Documents\Visual Studio 2012\Projects\avioane\avioane\Debug\vc110.pdb
C:\Users\Ady\Documents\Visual Studio 2012\Projects\avioane\Debug\avioane.pdb
C:\Users\Ady\Documents\Visual Studio 2012\Projects\avioane\Debug\avioane.exe
C:\Users\Ady\Documents\Visual Studio 2012\Projects\avioane\Debug\avioane.ilk
